# JRE version: Java(TM) SE Runtime Environment (19.0.2+7) (build 19.0.2+7-44)
# Java VM: Java HotSpot(TM) 64-Bit Server VM (19.0.2+7-44, mixed mode, emulated-client, sharing, tiered, compressed oops, compressed class ptrs, g1 gc, windows-amd64)
GC Precious Log:
 CardTable entry size: 512
 Card Set container configuration: InlinePtr #cards 5 size 8 Array Of Cards #cards 12 size 40 Howl #buckets 4 coarsen threshold 1843 Howl Bitmap #cards 512 size 80 coarsen threshold 460 Card regions per heap region 1 cards per card region 2048
 CPUs: 4 total, 4 available
 Memory: 3977M
 Large Page Support: Disabled
 NUMA Support: Disabled
 Compressed Oops: Enabled (32-bit)
 Heap Region Size: 1M
 Heap Min Capacity: 8M
 Heap Initial Capacity: 64M
 Heap Max Capacity: 996M
 Pre-touch: Disabled
 Parallel Workers: 4
 Concurrent Workers: 1
 Concurrent Refinement Workers: 4
 Periodic GC: Disabled
Heap:
 garbage-first heap   total 167936K, used 66947K [0x00000000c1c00000, 0x0000000100000000)
  region size 1024K, 3 young (3072K), 3 survivors (3072K)
 Metaspace       used 66768K, committed 67456K, reserved 1114112K
  class space    used 9596K, committed 9920K, reserved 1048576K
GC Heap History (20 events):
Event: 7.928 GC heap after
{Heap after GC invocations=10 (full 0):
 garbage-first heap   total 70656K, used 22167K [0x00000000c1c00000, 0x0000000100000000)
  region size 1024K, 3 young (3072K), 3 survivors (3072K)
 Metaspace       used 35428K, committed 36032K, reserved 1114112K
  class space    used 4816K, committed 5056K, reserved 1048576K
}
Event: 7.963 GC heap before
{Heap before GC invocations=10 (full 0):
 garbage-first heap   total 70656K, used 22167K [0x00000000c1c00000, 0x0000000100000000)
  region size 1024K, 4 young (4096K), 3 survivors (3072K)
 Metaspace       used 35737K, committed 36288K, reserved 1114112K
  class space    used 4881K, committed 5120K, reserved 1048576K
}
Event: 7.969 GC heap after
{Heap after GC invocations=11 (full 0):
 garbage-first heap   total 70656K, used 22354K [0x00000000c1c00000, 0x0000000100000000)
  region size 1024K, 3 young (3072K), 3 survivors (3072K)
 Metaspace       used 35737K, committed 36288K, reserved 1114112K
  class space    used 4881K, committed 5120K, reserved 1048576K
}
Event: 9.199 GC heap before
{Heap before GC invocations=12 (full 0):
 garbage-first heap   total 70656K, used 54098K [0x00000000c1c00000, 0x0000000100000000)
  region size 1024K, 34 young (34816K), 3 survivors (3072K)
 Metaspace       used 43786K, committed 44352K, reserved 1114112K
  class space    used 6036K, committed 6272K, reserved 1048576K
}
Event: 9.220 GC heap after
{Heap after GC invocations=13 (full 0):
 garbage-first heap   total 70656K, used 24817K [0x00000000c1c00000, 0x0000000100000000)
  region size 1024K, 5 young (5120K), 5 survivors (5120K)
 Metaspace       used 43786K, committed 44352K, reserved 1114112K
  class space    used 6036K, committed 6272K, reserved 1048576K
}
Event: 9.240 GC heap before
{Heap before GC invocations=13 (full 0):
 garbage-first heap   total 70656K, used 25841K [0x00000000c1c00000, 0x0000000100000000)
  region size 1024K, 6 young (6144K), 5 survivors (5120K)
 Metaspace       used 43917K, committed 44544K, reserved 1114112K
  class space    used 6052K, committed 6336K, reserved 1048576K
}
Event: 9.257 GC heap after
{Heap after GC invocations=14 (full 0):
 garbage-first heap   total 70656K, used 25286K [0x00000000c1c00000, 0x0000000100000000)
  region size 1024K, 1 young (1024K), 1 survivors (1024K)
 Metaspace       used 43917K, committed 44544K, reserved 1114112K
  class space    used 6052K, committed 6336K, reserved 1048576K
}
Event: 10.379 GC heap before
{Heap before GC invocations=14 (full 0):
 garbage-first heap   total 70656K, used 53958K [0x00000000c1c00000, 0x0000000100000000)
  region size 1024K, 30 young (30720K), 1 survivors (1024K)
 Metaspace       used 51632K, committed 52224K, reserved 1114112K
  class space    used 7077K, committed 7360K, reserved 1048576K
}
Event: 10.389 GC heap after
{Heap after GC invocations=15 (full 0):
 garbage-first heap   total 167936K, used 26082K [0x00000000c1c00000, 0x0000000100000000)
  region size 1024K, 2 young (2048K), 2 survivors (2048K)
 Metaspace       used 51632K, committed 52224K, reserved 1114112K
  class space    used 7077K, committed 7360K, reserved 1048576K
}
Event: 12.488 GC heap before
{Heap before GC invocations=15 (full 0):
 garbage-first heap   total 167936K, used 76258K [0x00000000c1c00000, 0x0000000100000000)
  region size 1024K, 52 young (53248K), 2 survivors (2048K)
 Metaspace       used 60511K, committed 61120K, reserved 1114112K
  class space    used 8374K, committed 8640K, reserved 1048576K
}
Event: 12.502 GC heap after
{Heap after GC invocations=16 (full 0):
 garbage-first heap   total 167936K, used 28182K [0x00000000c1c00000, 0x0000000100000000)
  region size 1024K, 4 young (4096K), 4 survivors (4096K)
 Metaspace       used 60511K, committed 61120K, reserved 1114112K
  class space    used 8374K, committed 8640K, reserved 1048576K
}
Event: 13.801 GC heap before
{Heap before GC invocations=17 (full 0):
 garbage-first heap   total 106496K, used 87574K [0x00000000c1c00000, 0x0000000100000000)
  region size 1024K, 62 young (63488K), 4 survivors (4096K)
 Metaspace       used 65042K, committed 65728K, reserved 1114112K
  class space    used 9230K, committed 9536K, reserved 1048576K
}
Event: 13.820 GC heap after
{Heap after GC invocations=18 (full 0):
 garbage-first heap   total 106496K, used 32238K [0x00000000c1c00000, 0x0000000100000000)
  region size 1024K, 8 young (8192K), 8 survivors (8192K)
 Metaspace       used 65042K, committed 65728K, reserved 1114112K
  class space    used 9230K, committed 9536K, reserved 1048576K
}
Event: 13.826 GC heap before
{Heap before GC invocations=18 (full 0):
 garbage-first heap   total 106496K, used 33262K [0x00000000c1c00000, 0x0000000100000000)
  region size 1024K, 9 young (9216K), 8 survivors (8192K)
 Metaspace       used 65042K, committed 65728K, reserved 1114112K
  class space    used 9230K, committed 9536K, reserved 1048576K
}
Event: 13.848 GC heap after
{Heap after GC invocations=19 (full 0):
 garbage-first heap   total 106496K, used 33217K [0x00000000c1c00000, 0x0000000100000000)
  region size 1024K, 2 young (2048K), 2 survivors (2048K)
 Metaspace       used 65042K, committed 65728K, reserved 1114112K
  class space    used 9230K, committed 9536K, reserved 1048576K
}
Event: 14.063 GC heap before
{Heap before GC invocations=19 (full 0):
 garbage-first heap   total 106496K, used 83393K [0x00000000c1c00000, 0x0000000100000000)
  region size 1024K, 51 young (52224K), 2 survivors (2048K)
 Metaspace       used 65042K, committed 65728K, reserved 1114112K
  class space    used 9230K, committed 9536K, reserved 1048576K
}
Event: 14.103 GC heap after
{Heap after GC invocations=20 (full 0):
 garbage-first heap   total 106496K, used 52991K [0x00000000c1c00000, 0x0000000100000000)
  region size 1024K, 7 young (7168K), 7 survivors (7168K)
 Metaspace       used 65042K, committed 65728K, reserved 1114112K
  class space    used 9230K, committed 9536K, reserved 1048576K
}
Event: 14.251 GC heap before
{Heap before GC invocations=20 (full 0):
 garbage-first heap   total 106496K, used 79615K [0x00000000c1c00000, 0x0000000100000000)
  region size 1024K, 33 young (33792K), 7 survivors (7168K)
 Metaspace       used 65043K, committed 65728K, reserved 1114112K
  class space    used 9230K, committed 9536K, reserved 1048576K
}
Event: 14.298 GC heap after
{Heap after GC invocations=21 (full 0):
 garbage-first heap   total 106496K, used 62851K [0x00000000c1c00000, 0x0000000100000000)
  region size 1024K, 5 young (5120K), 5 survivors (5120K)
 Metaspace       used 65043K, committed 65728K, reserved 1114112K
  class space    used 9230K, committed 9536K, reserved 1048576K
}
Event: 14.574 GC heap before
{Heap before GC invocations=21 (full 0):
 garbage-first heap   total 106496K, used 80259K [0x00000000c1c00000, 0x0000000100000000)
  region size 1024K, 23 young (23552K), 5 survivors (5120K)
 Metaspace       used 66768K, committed 67456K, reserved 1114112K
  class space    used 9596K, committed 9920K, reserved 1048576K
}

