# JRE version: Java(TM) SE Runtime Environment (19.0.2+7) (build 19.0.2+7-44)
# Java VM: Java HotSpot(TM) 64-Bit Server VM (19.0.2+7-44, mixed mode, emulated-client, sharing, tiered, compressed oops, compressed class ptrs, g1 gc, windows-amd64)
GC Precious Log:
 CardTable entry size: 512
 Card Set container configuration: InlinePtr #cards 5 size 8 Array Of Cards #cards 12 size 40 Howl #buckets 4 coarsen threshold 1843 Howl Bitmap #cards 512 size 80 coarsen threshold 460 Card regions per heap region 1 cards per card region 2048
 CPUs: 4 total, 4 available
 Memory: 3977M
 Large Page Support: Disabled
 NUMA Support: Disabled
 Compressed Oops: Enabled (32-bit)
 Heap Region Size: 1M
 Heap Min Capacity: 8M
 Heap Initial Capacity: 64M
 Heap Max Capacity: 996M
 Pre-touch: Disabled
 Parallel Workers: 4
 Concurrent Workers: 1
 Concurrent Refinement Workers: 4
 Periodic GC: Disabled
Heap:
 garbage-first heap   total 228352K, used 122880K [0x00000000c1c00000, 0x0000000100000000)
  region size 1024K, 9 young (9216K), 9 survivors (9216K)
 Metaspace       used 66787K, committed 67520K, reserved 1114112K
  class space    used 9596K, committed 9920K, reserved 1048576K
GC Heap History (20 events):
Event: 10.093 GC heap after
{Heap after GC invocations=14 (full 0):
 garbage-first heap   total 86016K, used 26737K [0x00000000c1c00000, 0x0000000100000000)
  region size 1024K, 1 young (1024K), 1 survivors (1024K)
 Metaspace       used 47481K, committed 48000K, reserved 1114112K
  class space    used 6492K, committed 6720K, reserved 1048576K
}
Event: 11.404 GC heap before
{Heap before GC invocations=14 (full 0):
 garbage-first heap   total 86016K, used 62577K [0x00000000c1c00000, 0x0000000100000000)
  region size 1024K, 37 young (37888K), 1 survivors (1024K)
 Metaspace       used 54793K, committed 55360K, reserved 1114112K
  class space    used 7642K, committed 7872K, reserved 1048576K
}
Event: 11.410 GC heap after
{Heap after GC invocations=15 (full 0):
 garbage-first heap   total 86016K, used 27176K [0x00000000c1c00000, 0x0000000100000000)
  region size 1024K, 2 young (2048K), 2 survivors (2048K)
 Metaspace       used 54793K, committed 55360K, reserved 1114112K
  class space    used 7642K, committed 7872K, reserved 1048576K
}
Event: 12.520 GC heap before
{Heap before GC invocations=15 (full 0):
 garbage-first heap   total 86016K, used 51752K [0x00000000c1c00000, 0x0000000100000000)
  region size 1024K, 27 young (27648K), 2 survivors (2048K)
 Metaspace       used 60446K, committed 61056K, reserved 1114112K
  class space    used 8364K, committed 8640K, reserved 1048576K
}
Event: 12.533 GC heap after
{Heap after GC invocations=16 (full 0):
 garbage-first heap   total 86016K, used 28756K [0x00000000c1c00000, 0x0000000100000000)
  region size 1024K, 3 young (3072K), 3 survivors (3072K)
 Metaspace       used 60446K, committed 61056K, reserved 1114112K
  class space    used 8364K, committed 8640K, reserved 1048576K
}
Event: 13.796 GC heap before
{Heap before GC invocations=17 (full 0):
 garbage-first heap   total 86016K, used 66644K [0x00000000c1c00000, 0x0000000100000000)
  region size 1024K, 40 young (40960K), 3 survivors (3072K)
 Metaspace       used 65006K, committed 65728K, reserved 1114112K
  class space    used 9225K, committed 9536K, reserved 1048576K
}
Event: 13.820 GC heap after
{Heap after GC invocations=18 (full 0):
 garbage-first heap   total 86016K, used 31568K [0x00000000c1c00000, 0x0000000100000000)
  region size 1024K, 5 young (5120K), 5 survivors (5120K)
 Metaspace       used 65006K, committed 65728K, reserved 1114112K
  class space    used 9225K, committed 9536K, reserved 1048576K
}
Event: 13.839 GC heap before
{Heap before GC invocations=18 (full 0):
 garbage-first heap   total 86016K, used 32592K [0x00000000c1c00000, 0x0000000100000000)
  region size 1024K, 6 young (6144K), 5 survivors (5120K)
 Metaspace       used 65012K, committed 65728K, reserved 1114112K
  class space    used 9225K, committed 9536K, reserved 1048576K
}
Event: 13.860 GC heap after
{Heap after GC invocations=19 (full 0):
 garbage-first heap   total 86016K, used 31854K [0x00000000c1c00000, 0x0000000100000000)
  region size 1024K, 1 young (1024K), 1 survivors (1024K)
 Metaspace       used 65012K, committed 65728K, reserved 1114112K
  class space    used 9225K, committed 9536K, reserved 1048576K
}
Event: 14.097 GC heap before
{Heap before GC invocations=19 (full 0):
 garbage-first heap   total 86016K, used 66670K [0x00000000c1c00000, 0x0000000100000000)
  region size 1024K, 36 young (36864K), 1 survivors (1024K)
 Metaspace       used 65049K, committed 65728K, reserved 1114112K
  class space    used 9231K, committed 9536K, reserved 1048576K
}
Event: 14.114 GC heap after
{Heap after GC invocations=20 (full 0):
 garbage-first heap   total 86016K, used 38912K [0x00000000c1c00000, 0x0000000100000000)
  region size 1024K, 5 young (5120K), 5 survivors (5120K)
 Metaspace       used 65049K, committed 65728K, reserved 1114112K
  class space    used 9231K, committed 9536K, reserved 1048576K
}
Event: 14.229 GC heap before
{Heap before GC invocations=20 (full 0):
 garbage-first heap   total 86016K, used 64512K [0x00000000c1c00000, 0x0000000100000000)
  region size 1024K, 30 young (30720K), 5 survivors (5120K)
 Metaspace       used 65049K, committed 65728K, reserved 1114112K
  class space    used 9231K, committed 9536K, reserved 1048576K
}
Event: 14.260 GC heap after
{Heap after GC invocations=21 (full 0):
 garbage-first heap   total 228352K, used 47887K [0x00000000c1c00000, 0x0000000100000000)
  region size 1024K, 4 young (4096K), 4 survivors (4096K)
 Metaspace       used 65049K, committed 65728K, reserved 1114112K
  class space    used 9231K, committed 9536K, reserved 1048576K
}
Event: 15.603 GC heap before
{Heap before GC invocations=21 (full 0):
 garbage-first heap   total 228352K, used 147215K [0x00000000c1c00000, 0x0000000100000000)
  region size 1024K, 101 young (103424K), 4 survivors (4096K)
 Metaspace       used 66780K, committed 67520K, reserved 1114112K
  class space    used 9596K, committed 9920K, reserved 1048576K
}
Event: 15.726 GC heap after
{Heap after GC invocations=22 (full 0):
 garbage-first heap   total 228352K, used 60416K [0x00000000c1c00000, 0x0000000100000000)
  region size 1024K, 13 young (13312K), 13 survivors (13312K)
 Metaspace       used 66780K, committed 67520K, reserved 1114112K
  class space    used 9596K, committed 9920K, reserved 1048576K
}
Event: 16.453 GC heap before
{Heap before GC invocations=22 (full 0):
 garbage-first heap   total 228352K, used 150528K [0x00000000c1c00000, 0x0000000100000000)
  region size 1024K, 101 young (103424K), 13 survivors (13312K)
 Metaspace       used 66787K, committed 67520K, reserved 1114112K
  class space    used 9596K, committed 9920K, reserved 1048576K
}
Event: 16.520 GC heap after
{Heap after GC invocations=23 (full 0):
 garbage-first heap   total 228352K, used 71134K [0x00000000c1c00000, 0x0000000100000000)
  region size 1024K, 10 young (10240K), 10 survivors (10240K)
 Metaspace       used 66787K, committed 67520K, reserved 1114112K
  class space    used 9596K, committed 9920K, reserved 1048576K
}
Event: 16.923 GC heap before
{Heap before GC invocations=23 (full 0):
 garbage-first heap   total 228352K, used 163294K [0x00000000c1c00000, 0x0000000100000000)
  region size 1024K, 97 young (99328K), 10 survivors (10240K)
 Metaspace       used 66787K, committed 67520K, reserved 1114112K
  class space    used 9596K, committed 9920K, reserved 1048576K
}
Event: 17.038 GC heap after
{Heap after GC invocations=24 (full 0):
 garbage-first heap   total 228352K, used 109568K [0x00000000c1c00000, 0x0000000100000000)
  region size 1024K, 13 young (13312K), 13 survivors (13312K)
 Metaspace       used 66787K, committed 67520K, reserved 1114112K
  class space    used 9596K, committed 9920K, reserved 1048576K
}
Event: 17.268 GC heap before
{Heap before GC invocations=24 (full 0):
 garbage-first heap   total 228352K, used 165888K [0x00000000c1c00000, 0x0000000100000000)
  region size 1024K, 68 young (69632K), 13 survivors (13312K)
 Metaspace       used 66787K, committed 67520K, reserved 1114112K
  class space    used 9596K, committed 9920K, reserved 1048576K
}

