# JRE version: Java(TM) SE Runtime Environment (19.0.2+7) (build 19.0.2+7-44)
# Java VM: Java HotSpot(TM) 64-Bit Server VM (19.0.2+7-44, mixed mode, emulated-client, sharing, tiered, compressed oops, compressed class ptrs, g1 gc, windows-amd64)
GC Precious Log:
 CardTable entry size: 512
 Card Set container configuration: InlinePtr #cards 5 size 8 Array Of Cards #cards 12 size 40 Howl #buckets 4 coarsen threshold 1843 Howl Bitmap #cards 512 size 80 coarsen threshold 460 Card regions per heap region 1 cards per card region 2048
 CPUs: 4 total, 4 available
 Memory: 3977M
 Large Page Support: Disabled
 NUMA Support: Disabled
 Compressed Oops: Enabled (32-bit)
 Heap Region Size: 1M
 Heap Min Capacity: 8M
 Heap Initial Capacity: 64M
 Heap Max Capacity: 996M
 Pre-touch: Disabled
 Parallel Workers: 4
 Concurrent Workers: 1
 Concurrent Refinement Workers: 4
 Periodic GC: Disabled
Heap:
 garbage-first heap   total 245760K, used 136192K [0x00000000c1c00000, 0x0000000100000000)
  region size 1024K, 9 young (9216K), 9 survivors (9216K)
 Metaspace       used 68347K, committed 69056K, reserved 1114112K
  class space    used 9860K, committed 10176K, reserved 1048576K
GC Heap History (20 events):
Event: 10.729 GC heap after
{Heap after GC invocations=12 (full 0):
 garbage-first heap   total 81920K, used 25265K [0x00000000c1c00000, 0x0000000100000000)
  region size 1024K, 6 young (6144K), 6 survivors (6144K)
 Metaspace       used 46212K, committed 46784K, reserved 1114112K
  class space    used 6338K, committed 6592K, reserved 1048576K
}
Event: 10.740 GC heap before
{Heap before GC invocations=12 (full 0):
 garbage-first heap   total 81920K, used 26289K [0x00000000c1c00000, 0x0000000100000000)
  region size 1024K, 7 young (7168K), 6 survivors (6144K)
 Metaspace       used 46212K, committed 46784K, reserved 1114112K
  class space    used 6338K, committed 6592K, reserved 1048576K
}
Event: 10.759 GC heap after
{Heap after GC invocations=13 (full 0):
 garbage-first heap   total 81920K, used 26182K [0x00000000c1c00000, 0x0000000100000000)
  region size 1024K, 1 young (1024K), 1 survivors (1024K)
 Metaspace       used 46212K, committed 46784K, reserved 1114112K
  class space    used 6338K, committed 6592K, reserved 1048576K
}
Event: 12.076 GC heap before
{Heap before GC invocations=13 (full 0):
 garbage-first heap   total 81920K, used 60998K [0x00000000c1c00000, 0x0000000100000000)
  region size 1024K, 36 young (36864K), 1 survivors (1024K)
 Metaspace       used 54119K, committed 54720K, reserved 1114112K
  class space    used 7551K, committed 7808K, reserved 1048576K
}
Event: 12.083 GC heap after
{Heap after GC invocations=14 (full 0):
 garbage-first heap   total 81920K, used 26487K [0x00000000c1c00000, 0x0000000100000000)
  region size 1024K, 2 young (2048K), 2 survivors (2048K)
 Metaspace       used 54119K, committed 54720K, reserved 1114112K
  class space    used 7551K, committed 7808K, reserved 1048576K
}
Event: 13.201 GC heap before
{Heap before GC invocations=14 (full 0):
 garbage-first heap   total 81920K, used 57207K [0x00000000c1c00000, 0x0000000100000000)
  region size 1024K, 33 young (33792K), 2 survivors (2048K)
 Metaspace       used 60284K, committed 60928K, reserved 1114112K
  class space    used 8341K, committed 8640K, reserved 1048576K
}
Event: 13.211 GC heap after
{Heap after GC invocations=15 (full 0):
 garbage-first heap   total 81920K, used 28000K [0x00000000c1c00000, 0x0000000100000000)
  region size 1024K, 3 young (3072K), 3 survivors (3072K)
 Metaspace       used 60284K, committed 60928K, reserved 1114112K
  class space    used 8341K, committed 8640K, reserved 1048576K
}
Event: 14.452 GC heap before
{Heap before GC invocations=16 (full 0):
 garbage-first heap   total 81920K, used 64864K [0x00000000c1c00000, 0x0000000100000000)
  region size 1024K, 39 young (39936K), 3 survivors (3072K)
 Metaspace       used 65017K, committed 65728K, reserved 1114112K
  class space    used 9231K, committed 9536K, reserved 1048576K
}
Event: 14.468 GC heap after
{Heap after GC invocations=17 (full 0):
 garbage-first heap   total 81920K, used 31168K [0x00000000c1c00000, 0x0000000100000000)
  region size 1024K, 5 young (5120K), 5 survivors (5120K)
 Metaspace       used 65017K, committed 65728K, reserved 1114112K
  class space    used 9231K, committed 9536K, reserved 1048576K
}
Event: 14.484 GC heap before
{Heap before GC invocations=17 (full 0):
 garbage-first heap   total 81920K, used 32192K [0x00000000c1c00000, 0x0000000100000000)
  region size 1024K, 6 young (6144K), 5 survivors (5120K)
 Metaspace       used 65017K, committed 65728K, reserved 1114112K
  class space    used 9231K, committed 9536K, reserved 1048576K
}
Event: 14.504 GC heap after
{Heap after GC invocations=18 (full 0):
 garbage-first heap   total 81920K, used 31617K [0x00000000c1c00000, 0x0000000100000000)
  region size 1024K, 1 young (1024K), 1 survivors (1024K)
 Metaspace       used 65017K, committed 65728K, reserved 1114112K
  class space    used 9231K, committed 9536K, reserved 1048576K
}
Event: 14.668 GC heap before
{Heap before GC invocations=18 (full 0):
 garbage-first heap   total 81920K, used 63361K [0x00000000c1c00000, 0x0000000100000000)
  region size 1024K, 33 young (33792K), 1 survivors (1024K)
 Metaspace       used 65060K, committed 65792K, reserved 1114112K
  class space    used 9238K, committed 9600K, reserved 1048576K
}
Event: 14.681 GC heap after
{Heap after GC invocations=19 (full 0):
 garbage-first heap   total 245760K, used 35839K [0x00000000c1c00000, 0x0000000100000000)
  region size 1024K, 5 young (5120K), 5 survivors (5120K)
 Metaspace       used 65060K, committed 65792K, reserved 1114112K
  class space    used 9238K, committed 9600K, reserved 1048576K
}
Event: 16.049 GC heap before
{Heap before GC invocations=19 (full 0):
 garbage-first heap   total 245760K, used 179199K [0x00000000c1c00000, 0x0000000100000000)
  region size 1024K, 144 young (147456K), 5 survivors (5120K)
 Metaspace       used 66799K, committed 67520K, reserved 1114112K
  class space    used 9605K, committed 9920K, reserved 1048576K
}
Event: 16.410 GC heap after
{Heap after GC invocations=20 (full 0):
 garbage-first heap   total 245760K, used 60330K [0x00000000c1c00000, 0x0000000100000000)
  region size 1024K, 18 young (18432K), 18 survivors (18432K)
 Metaspace       used 66799K, committed 67520K, reserved 1114112K
  class space    used 9605K, committed 9920K, reserved 1048576K
}
Event: 17.379 GC heap before
{Heap before GC invocations=20 (full 0):
 garbage-first heap   total 245760K, used 166826K [0x00000000c1c00000, 0x0000000100000000)
  region size 1024K, 121 young (123904K), 18 survivors (18432K)
 Metaspace       used 66799K, committed 67520K, reserved 1114112K
  class space    used 9605K, committed 9920K, reserved 1048576K
}
Event: 17.516 GC heap after
{Heap after GC invocations=21 (full 0):
 garbage-first heap   total 245760K, used 92931K [0x00000000c1c00000, 0x0000000100000000)
  region size 1024K, 16 young (16384K), 16 survivors (16384K)
 Metaspace       used 66799K, committed 67520K, reserved 1114112K
  class space    used 9605K, committed 9920K, reserved 1048576K
}
Event: 18.185 GC heap before
{Heap before GC invocations=21 (full 0):
 garbage-first heap   total 245760K, used 175875K [0x00000000c1c00000, 0x0000000100000000)
  region size 1024K, 95 young (97280K), 16 survivors (16384K)
 Metaspace       used 66799K, committed 67520K, reserved 1114112K
  class space    used 9605K, committed 9920K, reserved 1048576K
}
Event: 18.289 GC heap after
{Heap after GC invocations=22 (full 0):
 garbage-first heap   total 245760K, used 126464K [0x00000000c1c00000, 0x0000000100000000)
  region size 1024K, 12 young (12288K), 12 survivors (12288K)
 Metaspace       used 66799K, committed 67520K, reserved 1114112K
  class space    used 9605K, committed 9920K, reserved 1048576K
}
Event: 18.652 GC heap before
{Heap before GC invocations=22 (full 0):
 garbage-first heap   total 245760K, used 180736K [0x00000000c1c00000, 0x0000000100000000)
  region size 1024K, 65 young (66560K), 12 survivors (12288K)
 Metaspace       used 68347K, committed 69056K, reserved 1114112K
  class space    used 9860K, committed 10176K, reserved 1048576K
}

